c:\users\c00240102\desktop\transofrotions\lab 5\debug\vc142.pdb
c:\users\c00240102\desktop\transofrotions\lab 5\debug\vc142.idb
c:\users\c00240102\desktop\transofrotions\lab 5\debug\lab 5.obj
c:\users\c00240102\desktop\transofrotions\lab 5\debug\matrix3.obj
c:\users\c00240102\desktop\transofrotions\lab 5\debug\vector3.obj
c:\users\c00240102\desktop\transofrotions\lab 5\debug\vector2.obj
c:\users\c00240102\desktop\transofrotions\lab 5\debug\lab5.obj
c:\users\c00240102\desktop\transofrotions\lab 5\debug\vector3.new.obj.enc
c:\users\c00240102\desktop\transofrotions\lab 5\debug\lab 5.pdb
c:\users\c00240102\desktop\transofrotions\lab 5\debug\lab 5.tlog\cl.command.1.tlog
c:\users\c00240102\desktop\transofrotions\lab 5\debug\lab 5.tlog\cl.read.1.tlog
c:\users\c00240102\desktop\transofrotions\lab 5\debug\lab 5.tlog\cl.write.1.tlog
c:\users\c00240102\desktop\transofrotions\lab 5\debug\lab 5.tlog\link-cvtres.read.1.tlog
c:\users\c00240102\desktop\transofrotions\lab 5\debug\lab 5.tlog\link-cvtres.write.1.tlog
c:\users\c00240102\desktop\transofrotions\lab 5\debug\lab 5.tlog\link-rc.read.1.tlog
c:\users\c00240102\desktop\transofrotions\lab 5\debug\lab 5.tlog\link-rc.write.1.tlog
c:\users\c00240102\desktop\transofrotions\lab 5\debug\lab 5.tlog\link.16240-cvtres.read.1.tlog
c:\users\c00240102\desktop\transofrotions\lab 5\debug\lab 5.tlog\link.16240-cvtres.write.1.tlog
c:\users\c00240102\desktop\transofrotions\lab 5\debug\lab 5.tlog\link.16240-rc.read.1.tlog
c:\users\c00240102\desktop\transofrotions\lab 5\debug\lab 5.tlog\link.16240-rc.write.1.tlog
c:\users\c00240102\desktop\transofrotions\lab 5\debug\lab 5.tlog\link.16240.read.1.tlog
c:\users\c00240102\desktop\transofrotions\lab 5\debug\lab 5.tlog\link.16240.write.1.tlog
c:\users\c00240102\desktop\transofrotions\lab 5\debug\lab 5.tlog\link.command.1.tlog
c:\users\c00240102\desktop\transofrotions\lab 5\debug\lab 5.tlog\link.read.1.tlog
c:\users\c00240102\desktop\transofrotions\lab 5\debug\lab 5.tlog\link.write.1.tlog
